Using device: cuda
Namespace(dataset='tfinance', train_ratio=0.4, hid_dim=128, num_layers=3, epoch=100, run=3, knn_reconstruct_graph=True, knn_reconstruct_graph_approximate=False, alpha=0.7, top_k=5, save_model=False, model_path='./model', device=device(type='cuda', index=0), choose_model='GCN', hyperparameter_tuning=False)
Graph(num_nodes=39357, num_edges=298512,
      ndata_schemes={'label': Scheme(shape=(), dtype=torch.int64), 'feature': Scheme(shape=(10,), dtype=torch.float32)}
      edata_schemes={})
GCNModel
train/dev/test samples:  15742 7792 15823
Train function: val_mask tensor([False, False, False,  ..., False, False, False], device='cuda:0')
cross entropy weight:  20.83356449375867
Epoch 0, loss: 6.6245, val mf1: 0.8549, (best 0.8549)
Epoch 1, loss: 1162.5112, val mf1: 0.0438, (best 0.8549)
Epoch 2, loss: 299.5089, val mf1: 0.0439, (best 0.8549)
Epoch 3, loss: 47.4817, val mf1: 0.5074, (best 0.8549)
Epoch 4, loss: 95.9752, val mf1: 0.4883, (best 0.8549)
Epoch 5, loss: 123.3944, val mf1: 0.4883, (best 0.8549)
Epoch 6, loss: 137.2248, val mf1: 0.4883, (best 0.8549)
Epoch 7, loss: 141.1715, val mf1: 0.4883, (best 0.8549)
Epoch 8, loss: 137.9717, val mf1: 0.4994, (best 0.8549)
Epoch 9, loss: 130.6413, val mf1: 0.8197, (best 0.8549)
Epoch 10, loss: 126.7282, val mf1: 0.8437, (best 0.8549)
Epoch 11, loss: 122.5155, val mf1: 0.8059, (best 0.8549)
Epoch 12, loss: 118.3755, val mf1: 0.7569, (best 0.8549)
Epoch 13, loss: 114.2235, val mf1: 0.7205, (best 0.8549)
Epoch 14, loss: 109.9872, val mf1: 0.6888, (best 0.8549)
Epoch 15, loss: 105.5766, val mf1: 0.6598, (best 0.8549)
Epoch 16, loss: 100.7044, val mf1: 0.6349, (best 0.8549)
Epoch 17, loss: 95.0249, val mf1: 0.6188, (best 0.8549)
Epoch 18, loss: 88.5141, val mf1: 0.6068, (best 0.8549)
Epoch 19, loss: 81.3165, val mf1: 0.5941, (best 0.8549)
Epoch 20, loss: 73.4362, val mf1: 0.5859, (best 0.8549)
Epoch 21, loss: 65.0172, val mf1: 0.5832, (best 0.8549)
Epoch 22, loss: 56.3187, val mf1: 0.5839, (best 0.8549)
Epoch 23, loss: 47.3909, val mf1: 0.5858, (best 0.8549)
Epoch 24, loss: 38.3956, val mf1: 0.5907, (best 0.8549)
Epoch 25, loss: 29.4967, val mf1: 0.5980, (best 0.8549)
Epoch 26, loss: 20.7668, val mf1: 0.6120, (best 0.8549)
Epoch 27, loss: 12.5012, val mf1: 0.5995, (best 0.8549)
Epoch 28, loss: 10.4397, val mf1: 0.5067, (best 0.8549)
Epoch 29, loss: 19.9564, val mf1: 0.4948, (best 0.8549)
Epoch 30, loss: 14.0889, val mf1: 0.5335, (best 0.8549)
Epoch 31, loss: 13.0501, val mf1: 0.5865, (best 0.8549)
Epoch 32, loss: 16.6895, val mf1: 0.5747, (best 0.8549)
Epoch 33, loss: 16.4021, val mf1: 0.5878, (best 0.8549)
Epoch 34, loss: 13.2309, val mf1: 0.7871, (best 0.8549)
Epoch 35, loss: 10.0328, val mf1: 0.8444, (best 0.8549)
Epoch 36, loss: 7.2535, val mf1: 0.8402, (best 0.8549)
Epoch 37, loss: 4.5226, val mf1: 0.7711, (best 0.8549)
Epoch 38, loss: 5.3550, val mf1: 0.5081, (best 0.8549)
Epoch 39, loss: 8.7639, val mf1: 0.3641, (best 0.8549)
Epoch 40, loss: 6.0352, val mf1: 0.4317, (best 0.8549)
Epoch 41, loss: 4.3659, val mf1: 0.6742, (best 0.8549)
Epoch 42, loss: 5.4678, val mf1: 0.7251, (best 0.8549)
Epoch 43, loss: 6.2102, val mf1: 0.7437, (best 0.8549)
Epoch 44, loss: 6.4438, val mf1: 0.7516, (best 0.8549)
Epoch 45, loss: 6.1922, val mf1: 0.7569, (best 0.8549)
Epoch 46, loss: 5.4976, val mf1: 0.7584, (best 0.8549)
Epoch 47, loss: 4.3943, val mf1: 0.7625, (best 0.8549)
Epoch 48, loss: 2.9696, val mf1: 0.7672, (best 0.8549)
Epoch 49, loss: 3.7894, val mf1: 0.5514, (best 0.8549)
Epoch 50, loss: 2.8438, val mf1: 0.5784, (best 0.8549)
Epoch 51, loss: 2.2805, val mf1: 0.7915, (best 0.8549)
Epoch 52, loss: 2.6899, val mf1: 0.8024, (best 0.8549)
Epoch 53, loss: 2.6142, val mf1: 0.7909, (best 0.8549)
Epoch 54, loss: 2.2957, val mf1: 0.7294, (best 0.8549)
Epoch 55, loss: 2.0893, val mf1: 0.6215, (best 0.8549)
Epoch 56, loss: 2.1507, val mf1: 0.5441, (best 0.8549)
Epoch 57, loss: 1.8662, val mf1: 0.5821, (best 0.8549)
Epoch 58, loss: 1.7318, val mf1: 0.6899, (best 0.8549)
Epoch 59, loss: 1.8611, val mf1: 0.7754, (best 0.8549)
Epoch 60, loss: 1.6691, val mf1: 0.7896, (best 0.8549)
Epoch 61, loss: 1.4230, val mf1: 0.6497, (best 0.8549)
Epoch 62, loss: 1.4296, val mf1: 0.5962, (best 0.8549)
Epoch 63, loss: 1.2286, val mf1: 0.6774, (best 0.8549)
Epoch 64, loss: 1.4198, val mf1: 0.7251, (best 0.8549)
Epoch 65, loss: 1.3843, val mf1: 0.7698, (best 0.8549)
Epoch 66, loss: 1.0948, val mf1: 0.7891, (best 0.8549)
Epoch 67, loss: 1.6174, val mf1: 0.6042, (best 0.8549)
Epoch 68, loss: 1.2769, val mf1: 0.8267, (best 0.8549)
Epoch 69, loss: 1.5316, val mf1: 0.8278, (best 0.8549)
Epoch 70, loss: 1.3722, val mf1: 0.7398, (best 0.8549)
Epoch 71, loss: 1.5119, val mf1: 0.5856, (best 0.8549)
Epoch 72, loss: 1.0450, val mf1: 0.6640, (best 0.8549)
Epoch 73, loss: 0.7988, val mf1: 0.7569, (best 0.8549)
Epoch 74, loss: 1.2760, val mf1: 0.5648, (best 0.8549)
Epoch 75, loss: 1.4469, val mf1: 0.8456, (best 0.8549)
Epoch 76, loss: 1.8088, val mf1: 0.8499, (best 0.8549)
Epoch 77, loss: 1.6154, val mf1: 0.8296, (best 0.8549)
Epoch 78, loss: 1.4033, val mf1: 0.6305, (best 0.8549)
Epoch 79, loss: 1.3748, val mf1: 0.5461, (best 0.8549)
Epoch 80, loss: 1.5924, val mf1: 0.4860, (best 0.8549)
Epoch 81, loss: 1.1526, val mf1: 0.8435, (best 0.8549)
Epoch 82, loss: 1.8005, val mf1: 0.8464, (best 0.8549)
Epoch 83, loss: 1.8029, val mf1: 0.8423, (best 0.8549)
Epoch 84, loss: 1.1655, val mf1: 0.8349, (best 0.8549)
Epoch 85, loss: 2.7466, val mf1: 0.4986, (best 0.8549)
Epoch 86, loss: 1.7538, val mf1: 0.8362, (best 0.8549)
Epoch 87, loss: 2.8365, val mf1: 0.8199, (best 0.8549)
Epoch 88, loss: 3.4393, val mf1: 0.7557, (best 0.8549)
Epoch 89, loss: 3.7507, val mf1: 0.6831, (best 0.8549)
Epoch 90, loss: 3.8010, val mf1: 0.6373, (best 0.8549)
Epoch 91, loss: 3.5694, val mf1: 0.6047, (best 0.8549)
Epoch 92, loss: 3.0135, val mf1: 0.5967, (best 0.8549)
Epoch 93, loss: 2.1604, val mf1: 0.6262, (best 0.8549)
Epoch 94, loss: 1.2895, val mf1: 0.7062, (best 0.8549)
Epoch 95, loss: 1.5048, val mf1: 0.5119, (best 0.8549)
Epoch 96, loss: 1.4103, val mf1: 0.5649, (best 0.8549)
Epoch 97, loss: 1.8156, val mf1: 0.6597, (best 0.8549)
Epoch 98, loss: 1.6515, val mf1: 0.6433, (best 0.8549)
Epoch 99, loss: 1.5038, val mf1: 0.6114, (best 0.8549)
time cost:  27.047984838485718 s
Test: REC 63.17 PRE 82.82 MF1 85.24 AUC 91.97
GCNModel
train/dev/test samples:  15742 7792 15823
Train function: val_mask tensor([False, False, False,  ..., False, False, False], device='cuda:0')
cross entropy weight:  20.83356449375867
Epoch 0, loss: 342.8383, val mf1: 0.0438, (best 0.0438)
Epoch 1, loss: 71.1241, val mf1: 0.4966, (best 0.4966)
Epoch 2, loss: 111.7190, val mf1: 0.4911, (best 0.4966)
Epoch 3, loss: 124.6833, val mf1: 0.5156, (best 0.5156)
Epoch 4, loss: 125.6823, val mf1: 0.8478, (best 0.8478)
Epoch 5, loss: 128.3919, val mf1: 0.7825, (best 0.8478)
Epoch 6, loss: 128.6313, val mf1: 0.7374, (best 0.8478)
Epoch 7, loss: 126.8486, val mf1: 0.7058, (best 0.8478)
Epoch 8, loss: 123.6562, val mf1: 0.6786, (best 0.8478)
Epoch 9, loss: 118.7003, val mf1: 0.6597, (best 0.8478)
Epoch 10, loss: 112.0318, val mf1: 0.6432, (best 0.8478)
Epoch 11, loss: 103.7566, val mf1: 0.6367, (best 0.8478)
Epoch 12, loss: 94.2713, val mf1: 0.6337, (best 0.8478)
Epoch 13, loss: 84.1068, val mf1: 0.6327, (best 0.8478)
Epoch 14, loss: 73.2976, val mf1: 0.6331, (best 0.8478)
Epoch 15, loss: 62.0183, val mf1: 0.6329, (best 0.8478)
Epoch 16, loss: 50.4666, val mf1: 0.6355, (best 0.8478)
Epoch 17, loss: 38.7873, val mf1: 0.6305, (best 0.8478)
Epoch 18, loss: 27.3419, val mf1: 0.6079, (best 0.8478)
Epoch 19, loss: 17.1133, val mf1: 0.5793, (best 0.8478)
Epoch 20, loss: 14.6009, val mf1: 0.5050, (best 0.8478)
Epoch 21, loss: 37.7179, val mf1: 0.3998, (best 0.8478)
Epoch 22, loss: 29.6217, val mf1: 0.4253, (best 0.8478)
Epoch 23, loss: 20.2731, val mf1: 0.5201, (best 0.8478)
Epoch 24, loss: 21.3450, val mf1: 0.5583, (best 0.8478)
Epoch 25, loss: 16.8819, val mf1: 0.7231, (best 0.8478)
Epoch 26, loss: 12.9567, val mf1: 0.8398, (best 0.8478)
Epoch 27, loss: 11.0545, val mf1: 0.6269, (best 0.8478)
Epoch 28, loss: 12.7738, val mf1: 0.4894, (best 0.8478)
Epoch 29, loss: 14.4520, val mf1: 0.4501, (best 0.8478)
Epoch 30, loss: 14.2989, val mf1: 0.4341, (best 0.8478)
Epoch 31, loss: 11.9963, val mf1: 0.4397, (best 0.8478)
Epoch 32, loss: 8.1985, val mf1: 0.5171, (best 0.8478)
Epoch 33, loss: 6.0901, val mf1: 0.7107, (best 0.8478)
Epoch 34, loss: 5.4518, val mf1: 0.7734, (best 0.8478)
Epoch 35, loss: 4.3968, val mf1: 0.7237, (best 0.8478)
Epoch 36, loss: 7.1357, val mf1: 0.5784, (best 0.8478)
Epoch 37, loss: 4.9591, val mf1: 0.8191, (best 0.8478)
Epoch 38, loss: 5.7508, val mf1: 0.8253, (best 0.8478)
Epoch 39, loss: 5.3375, val mf1: 0.8264, (best 0.8478)
Epoch 40, loss: 4.4955, val mf1: 0.6981, (best 0.8478)
Epoch 41, loss: 3.8730, val mf1: 0.8005, (best 0.8478)
Epoch 42, loss: 3.4540, val mf1: 0.7164, (best 0.8478)
Epoch 43, loss: 3.4954, val mf1: 0.7596, (best 0.8478)
Epoch 44, loss: 3.2666, val mf1: 0.6728, (best 0.8478)
Epoch 45, loss: 3.7643, val mf1: 0.5464, (best 0.8478)
Epoch 46, loss: 3.4910, val mf1: 0.6767, (best 0.8478)
Epoch 47, loss: 3.7759, val mf1: 0.7119, (best 0.8478)
Epoch 48, loss: 3.5528, val mf1: 0.7156, (best 0.8478)
Epoch 49, loss: 2.8139, val mf1: 0.6856, (best 0.8478)
Epoch 50, loss: 3.0224, val mf1: 0.5199, (best 0.8478)
Epoch 51, loss: 2.1722, val mf1: 0.6411, (best 0.8478)
Epoch 52, loss: 2.3461, val mf1: 0.7374, (best 0.8478)
Epoch 53, loss: 2.1768, val mf1: 0.7351, (best 0.8478)
Epoch 54, loss: 1.8919, val mf1: 0.6198, (best 0.8478)
Epoch 55, loss: 1.7265, val mf1: 0.6301, (best 0.8478)
Epoch 56, loss: 1.8360, val mf1: 0.7759, (best 0.8478)
Epoch 57, loss: 1.5980, val mf1: 0.7850, (best 0.8478)
Epoch 58, loss: 4.7865, val mf1: 0.5425, (best 0.8478)
Epoch 59, loss: 4.8410, val mf1: 0.8261, (best 0.8478)
Epoch 60, loss: 7.8468, val mf1: 0.8383, (best 0.8478)
Epoch 61, loss: 9.4525, val mf1: 0.8422, (best 0.8478)
Epoch 62, loss: 9.7583, val mf1: 0.8389, (best 0.8478)
Epoch 63, loss: 8.9236, val mf1: 0.8281, (best 0.8478)
Epoch 64, loss: 7.2712, val mf1: 0.7742, (best 0.8478)
Epoch 65, loss: 5.8263, val mf1: 0.6037, (best 0.8478)
Epoch 66, loss: 5.1586, val mf1: 0.5040, (best 0.8478)
Epoch 67, loss: 5.7686, val mf1: 0.3764, (best 0.8478)
Epoch 68, loss: 5.1626, val mf1: 0.3242, (best 0.8478)
Epoch 69, loss: 2.0063, val mf1: 0.7547, (best 0.8478)
Epoch 70, loss: 3.6684, val mf1: 0.8576, (best 0.8576)
Epoch 71, loss: 4.3914, val mf1: 0.8492, (best 0.8576)
Epoch 72, loss: 3.9100, val mf1: 0.8360, (best 0.8576)
Epoch 73, loss: 3.4339, val mf1: 0.6020, (best 0.8576)
Epoch 74, loss: 4.0321, val mf1: 0.8282, (best 0.8576)
Epoch 75, loss: 4.3711, val mf1: 0.8357, (best 0.8576)
Epoch 76, loss: 3.5047, val mf1: 0.8454, (best 0.8576)
Epoch 77, loss: 1.6977, val mf1: 0.8282, (best 0.8576)
Epoch 78, loss: 9.5598, val mf1: 0.4655, (best 0.8576)
Epoch 79, loss: 2.7621, val mf1: 0.8364, (best 0.8576)
Epoch 80, loss: 5.0761, val mf1: 0.8204, (best 0.8576)
Epoch 81, loss: 6.4379, val mf1: 0.7657, (best 0.8576)
Epoch 82, loss: 7.1301, val mf1: 0.6972, (best 0.8576)
Epoch 83, loss: 7.3001, val mf1: 0.6474, (best 0.8576)
Epoch 84, loss: 7.0421, val mf1: 0.6102, (best 0.8576)
Epoch 85, loss: 6.4127, val mf1: 0.5769, (best 0.8576)
Epoch 86, loss: 5.5280, val mf1: 0.5445, (best 0.8576)
Epoch 87, loss: 4.4610, val mf1: 0.5079, (best 0.8576)
Epoch 88, loss: 3.2976, val mf1: 0.4787, (best 0.8576)
Epoch 89, loss: 2.1183, val mf1: 0.5229, (best 0.8576)
Epoch 90, loss: 1.5972, val mf1: 0.6572, (best 0.8576)
Epoch 91, loss: 2.0722, val mf1: 0.7714, (best 0.8576)
Epoch 92, loss: 2.3524, val mf1: 0.6506, (best 0.8576)
Epoch 93, loss: 3.4064, val mf1: 0.5226, (best 0.8576)
Epoch 94, loss: 5.2908, val mf1: 0.8057, (best 0.8576)
Epoch 95, loss: 6.7669, val mf1: 0.8230, (best 0.8576)
Epoch 96, loss: 6.8611, val mf1: 0.8389, (best 0.8576)
Epoch 97, loss: 5.9760, val mf1: 0.8492, (best 0.8576)
Epoch 98, loss: 4.2623, val mf1: 0.8519, (best 0.8576)
Epoch 99, loss: 2.0311, val mf1: 0.7840, (best 0.8576)
time cost:  26.154332637786865 s
Test: REC 59.72 PRE 86.60 MF1 84.76 AUC 91.39
GCNModel
train/dev/test samples:  15742 7792 15823
Train function: val_mask tensor([False, False, False,  ..., False, False, False], device='cuda:0')
cross entropy weight:  20.83356449375867
Epoch 0, loss: 29.4860, val mf1: 0.5046, (best 0.5046)
Epoch 1, loss: 525.1198, val mf1: 0.0438, (best 0.5046)
Epoch 2, loss: 42.6100, val mf1: 0.2432, (best 0.5046)
Epoch 3, loss: 28.4635, val mf1: 0.8497, (best 0.8497)
Epoch 4, loss: 56.3627, val mf1: 0.5850, (best 0.8497)
Epoch 5, loss: 71.0056, val mf1: 0.6024, (best 0.8497)
Epoch 6, loss: 76.8872, val mf1: 0.8465, (best 0.8497)
Epoch 7, loss: 81.3920, val mf1: 0.8275, (best 0.8497)
Epoch 8, loss: 83.3783, val mf1: 0.7877, (best 0.8497)
Epoch 9, loss: 83.6601, val mf1: 0.7483, (best 0.8497)
Epoch 10, loss: 82.5383, val mf1: 0.7197, (best 0.8497)
Epoch 11, loss: 80.3236, val mf1: 0.6981, (best 0.8497)
Epoch 12, loss: 77.1310, val mf1: 0.6738, (best 0.8497)
Epoch 13, loss: 73.1300, val mf1: 0.6541, (best 0.8497)
Epoch 14, loss: 68.1959, val mf1: 0.6466, (best 0.8497)
Epoch 15, loss: 62.3920, val mf1: 0.6425, (best 0.8497)
Epoch 16, loss: 55.9281, val mf1: 0.6459, (best 0.8497)
Epoch 17, loss: 49.0481, val mf1: 0.6527, (best 0.8497)
Epoch 18, loss: 41.9352, val mf1: 0.6668, (best 0.8497)
Epoch 19, loss: 34.5864, val mf1: 0.6877, (best 0.8497)
Epoch 20, loss: 27.2614, val mf1: 0.7144, (best 0.8497)
Epoch 21, loss: 20.0726, val mf1: 0.7509, (best 0.8497)
Epoch 22, loss: 12.9906, val mf1: 0.8012, (best 0.8497)
Epoch 23, loss: 6.7856, val mf1: 0.5920, (best 0.8497)
Epoch 24, loss: 14.7541, val mf1: 0.3881, (best 0.8497)
Epoch 25, loss: 14.7906, val mf1: 0.3886, (best 0.8497)
Epoch 26, loss: 8.3147, val mf1: 0.4795, (best 0.8497)
Epoch 27, loss: 7.4520, val mf1: 0.6196, (best 0.8497)
Epoch 28, loss: 6.5757, val mf1: 0.8446, (best 0.8497)
Epoch 29, loss: 6.6316, val mf1: 0.7058, (best 0.8497)
Epoch 30, loss: 8.0917, val mf1: 0.5687, (best 0.8497)
Epoch 31, loss: 8.8112, val mf1: 0.5501, (best 0.8497)
Epoch 32, loss: 8.2055, val mf1: 0.5745, (best 0.8497)
Epoch 33, loss: 7.0662, val mf1: 0.6257, (best 0.8497)
Epoch 34, loss: 5.9176, val mf1: 0.7102, (best 0.8497)
Epoch 35, loss: 5.0009, val mf1: 0.7896, (best 0.8497)
Epoch 36, loss: 3.8035, val mf1: 0.7999, (best 0.8497)
Epoch 37, loss: 2.4590, val mf1: 0.7246, (best 0.8497)
Epoch 38, loss: 4.1721, val mf1: 0.4784, (best 0.8497)
Epoch 39, loss: 3.7080, val mf1: 0.5099, (best 0.8497)
Epoch 40, loss: 2.4344, val mf1: 0.7432, (best 0.8497)
Epoch 41, loss: 3.5111, val mf1: 0.8301, (best 0.8497)
Epoch 42, loss: 3.7161, val mf1: 0.8249, (best 0.8497)
Epoch 43, loss: 3.1066, val mf1: 0.8151, (best 0.8497)
Epoch 44, loss: 2.2630, val mf1: 0.6988, (best 0.8497)
Epoch 45, loss: 3.0560, val mf1: 0.6007, (best 0.8497)
Epoch 46, loss: 1.9092, val mf1: 0.7359, (best 0.8497)
Epoch 47, loss: 2.4260, val mf1: 0.6788, (best 0.8497)
Epoch 48, loss: 2.6397, val mf1: 0.6337, (best 0.8497)
Epoch 49, loss: 2.5575, val mf1: 0.6012, (best 0.8497)
Epoch 50, loss: 1.9497, val mf1: 0.6121, (best 0.8497)
Epoch 51, loss: 1.2126, val mf1: 0.7435, (best 0.8497)
Epoch 52, loss: 1.3270, val mf1: 0.6500, (best 0.8497)
Epoch 53, loss: 1.8530, val mf1: 0.5964, (best 0.8497)
Epoch 54, loss: 1.9040, val mf1: 0.7828, (best 0.8497)
Epoch 55, loss: 1.9080, val mf1: 0.8307, (best 0.8497)
Epoch 56, loss: 1.2985, val mf1: 0.7465, (best 0.8497)
Epoch 57, loss: 1.4224, val mf1: 0.5940, (best 0.8497)
Epoch 58, loss: 0.9244, val mf1: 0.7587, (best 0.8497)
Epoch 59, loss: 1.3541, val mf1: 0.7031, (best 0.8497)
Epoch 60, loss: 1.5029, val mf1: 0.6847, (best 0.8497)
Epoch 61, loss: 1.2972, val mf1: 0.7386, (best 0.8497)
Epoch 62, loss: 0.8993, val mf1: 0.7904, (best 0.8497)
Epoch 63, loss: 1.4888, val mf1: 0.5962, (best 0.8497)
Epoch 64, loss: 1.0404, val mf1: 0.8170, (best 0.8497)
Epoch 65, loss: 1.2641, val mf1: 0.8219, (best 0.8497)
Epoch 66, loss: 0.9378, val mf1: 0.8104, (best 0.8497)
Epoch 67, loss: 1.1502, val mf1: 0.5733, (best 0.8497)
Epoch 68, loss: 0.8859, val mf1: 0.7949, (best 0.8497)
Epoch 69, loss: 1.0857, val mf1: 0.8160, (best 0.8497)
Epoch 70, loss: 0.8656, val mf1: 0.7968, (best 0.8497)
Epoch 71, loss: 0.8390, val mf1: 0.6353, (best 0.8497)
Epoch 72, loss: 0.7521, val mf1: 0.6434, (best 0.8497)
Epoch 73, loss: 0.8854, val mf1: 0.8303, (best 0.8497)
Epoch 74, loss: 0.9981, val mf1: 0.8489, (best 0.8497)
Epoch 75, loss: 0.6396, val mf1: 0.7439, (best 0.8497)
Epoch 76, loss: 1.5996, val mf1: 0.5426, (best 0.8497)
Epoch 77, loss: 1.6923, val mf1: 0.8492, (best 0.8497)
Epoch 78, loss: 2.7870, val mf1: 0.8564, (best 0.8564)
Epoch 79, loss: 3.2052, val mf1: 0.8199, (best 0.8564)
Epoch 80, loss: 3.3726, val mf1: 0.6676, (best 0.8564)
Epoch 81, loss: 3.3402, val mf1: 0.6285, (best 0.8564)
Epoch 82, loss: 2.9981, val mf1: 0.5968, (best 0.8564)
Epoch 83, loss: 2.2523, val mf1: 0.6154, (best 0.8564)
Epoch 84, loss: 1.6371, val mf1: 0.7416, (best 0.8564)
Epoch 85, loss: 1.6395, val mf1: 0.4746, (best 0.8564)
Epoch 86, loss: 1.7507, val mf1: 0.4623, (best 0.8564)
Epoch 87, loss: 1.2619, val mf1: 0.6346, (best 0.8564)
Epoch 88, loss: 1.1450, val mf1: 0.7275, (best 0.8564)
Epoch 89, loss: 0.9438, val mf1: 0.7461, (best 0.8564)
Epoch 90, loss: 1.0029, val mf1: 0.6378, (best 0.8564)
Epoch 91, loss: 1.4258, val mf1: 0.6834, (best 0.8564)
Epoch 92, loss: 1.8092, val mf1: 0.6603, (best 0.8564)
Epoch 93, loss: 1.8005, val mf1: 0.6562, (best 0.8564)
Epoch 94, loss: 1.4263, val mf1: 0.6648, (best 0.8564)
Epoch 95, loss: 1.3599, val mf1: 0.6023, (best 0.8564)
Epoch 96, loss: 1.7634, val mf1: 0.8160, (best 0.8564)
Epoch 97, loss: 2.5056, val mf1: 0.8320, (best 0.8564)
Epoch 98, loss: 2.6225, val mf1: 0.8333, (best 0.8564)
Epoch 99, loss: 2.1693, val mf1: 0.8277, (best 0.8564)
time cost:  22.82026958465576 s
Test: REC 63.72 PRE 83.85 MF1 85.63 AUC 91.25
MF1-mean: 85.21, MF1-std: 0.36, AUC-mean: 91.54, AUC-std: 0.31
