Using device: cuda
Namespace(dataset='tfinance', train_ratio=0.4, hid_dim=128, num_layers=3, epoch=100, run=3, knn_reconstruct_graph=True, knn_reconstruct_graph_approximate=False, alpha=0.5, top_k=4, save_model=False, model_path='./model', device=device(type='cuda', index=0), choose_model='GCN', hyperparameter_tuning=False)
Graph(num_nodes=39357, num_edges=249334,
      ndata_schemes={'label': Scheme(shape=(), dtype=torch.int64), 'feature': Scheme(shape=(10,), dtype=torch.float32)}
      edata_schemes={})
GCNModel
train/dev/test samples:  15742 7792 15823
Train function: val_mask tensor([False, False, False,  ..., False, False, False], device='cuda:0')
cross entropy weight:  20.83356449375867
Epoch 0, loss: 21.0278, val mf1: 0.5436, (best 0.5436)
Epoch 1, loss: 568.9139, val mf1: 0.0438, (best 0.5436)
Epoch 2, loss: 38.7435, val mf1: 0.1322, (best 0.5436)
Epoch 3, loss: 29.5474, val mf1: 0.8254, (best 0.8254)
Epoch 4, loss: 64.1124, val mf1: 0.5100, (best 0.8254)
Epoch 5, loss: 83.9729, val mf1: 0.4967, (best 0.8254)
Epoch 6, loss: 92.5050, val mf1: 0.4967, (best 0.8254)
Epoch 7, loss: 93.4472, val mf1: 0.5102, (best 0.8254)
Epoch 8, loss: 89.1419, val mf1: 0.6204, (best 0.8254)
Epoch 9, loss: 84.1479, val mf1: 0.8500, (best 0.8500)
Epoch 10, loss: 80.5535, val mf1: 0.8058, (best 0.8500)
Epoch 11, loss: 76.9294, val mf1: 0.7564, (best 0.8500)
Epoch 12, loss: 73.2538, val mf1: 0.7157, (best 0.8500)
Epoch 13, loss: 69.4532, val mf1: 0.6882, (best 0.8500)
Epoch 14, loss: 65.6385, val mf1: 0.6590, (best 0.8500)
Epoch 15, loss: 61.7453, val mf1: 0.6359, (best 0.8500)
Epoch 16, loss: 57.5343, val mf1: 0.6193, (best 0.8500)
Epoch 17, loss: 52.9815, val mf1: 0.6082, (best 0.8500)
Epoch 18, loss: 48.0241, val mf1: 0.6015, (best 0.8500)
Epoch 19, loss: 42.7056, val mf1: 0.5965, (best 0.8500)
Epoch 20, loss: 37.1144, val mf1: 0.5918, (best 0.8500)
Epoch 21, loss: 31.2634, val mf1: 0.5885, (best 0.8500)
Epoch 22, loss: 25.1298, val mf1: 0.5867, (best 0.8500)
Epoch 23, loss: 18.8481, val mf1: 0.5929, (best 0.8500)
Epoch 24, loss: 12.6570, val mf1: 0.6153, (best 0.8500)
Epoch 25, loss: 6.8510, val mf1: 0.6408, (best 0.8500)
Epoch 26, loss: 12.4916, val mf1: 0.5066, (best 0.8500)
Epoch 27, loss: 12.6183, val mf1: 0.5394, (best 0.8500)
Epoch 28, loss: 6.5837, val mf1: 0.6246, (best 0.8500)
Epoch 29, loss: 9.9099, val mf1: 0.7221, (best 0.8500)
Epoch 30, loss: 10.3635, val mf1: 0.7884, (best 0.8500)
Epoch 31, loss: 9.1729, val mf1: 0.8478, (best 0.8500)
Epoch 32, loss: 7.9415, val mf1: 0.8569, (best 0.8569)
Epoch 33, loss: 6.4243, val mf1: 0.8331, (best 0.8569)
Epoch 34, loss: 4.8354, val mf1: 0.8056, (best 0.8569)
Epoch 35, loss: 3.3707, val mf1: 0.7176, (best 0.8569)
Epoch 36, loss: 4.0206, val mf1: 0.4826, (best 0.8569)
Epoch 37, loss: 5.5061, val mf1: 0.3845, (best 0.8569)
Epoch 38, loss: 4.5182, val mf1: 0.4237, (best 0.8569)
Epoch 39, loss: 2.7818, val mf1: 0.5949, (best 0.8569)
Epoch 40, loss: 2.8194, val mf1: 0.7406, (best 0.8569)
Epoch 41, loss: 3.1446, val mf1: 0.7683, (best 0.8569)
Epoch 42, loss: 3.1025, val mf1: 0.7837, (best 0.8569)
Epoch 43, loss: 2.7000, val mf1: 0.7936, (best 0.8569)
Epoch 44, loss: 2.0130, val mf1: 0.7848, (best 0.8569)
Epoch 45, loss: 4.7685, val mf1: 0.5330, (best 0.8569)
Epoch 46, loss: 2.3039, val mf1: 0.8024, (best 0.8569)
Epoch 47, loss: 3.1402, val mf1: 0.8146, (best 0.8569)
Epoch 48, loss: 3.5686, val mf1: 0.8175, (best 0.8569)
Epoch 49, loss: 3.6139, val mf1: 0.8160, (best 0.8569)
Epoch 50, loss: 3.3107, val mf1: 0.8106, (best 0.8569)
Epoch 51, loss: 2.7122, val mf1: 0.8028, (best 0.8569)
Epoch 52, loss: 1.9017, val mf1: 0.7784, (best 0.8569)
Epoch 53, loss: 1.3627, val mf1: 0.6698, (best 0.8569)
Epoch 54, loss: 3.3775, val mf1: 0.4629, (best 0.8569)
Epoch 55, loss: 1.3667, val mf1: 0.7072, (best 0.8569)
Epoch 56, loss: 2.0300, val mf1: 0.7630, (best 0.8569)
Epoch 57, loss: 2.5593, val mf1: 0.7711, (best 0.8569)
Epoch 58, loss: 2.7795, val mf1: 0.7741, (best 0.8569)
Epoch 59, loss: 2.7107, val mf1: 0.7703, (best 0.8569)
Epoch 60, loss: 2.4154, val mf1: 0.7514, (best 0.8569)
Epoch 61, loss: 2.0420, val mf1: 0.7108, (best 0.8569)
Epoch 62, loss: 1.8233, val mf1: 0.5912, (best 0.8569)
Epoch 63, loss: 1.7351, val mf1: 0.5346, (best 0.8569)
Epoch 64, loss: 1.5432, val mf1: 0.5361, (best 0.8569)
Epoch 65, loss: 1.2019, val mf1: 0.5848, (best 0.8569)
Epoch 66, loss: 1.0837, val mf1: 0.6612, (best 0.8569)
Epoch 67, loss: 1.1894, val mf1: 0.7243, (best 0.8569)
Epoch 68, loss: 1.3276, val mf1: 0.6430, (best 0.8569)
Epoch 69, loss: 1.4429, val mf1: 0.7680, (best 0.8569)
Epoch 70, loss: 1.3859, val mf1: 0.7304, (best 0.8569)
Epoch 71, loss: 1.5195, val mf1: 0.6349, (best 0.8569)
Epoch 72, loss: 1.5667, val mf1: 0.8450, (best 0.8569)
Epoch 73, loss: 1.6858, val mf1: 0.8510, (best 0.8569)
Epoch 74, loss: 1.4962, val mf1: 0.8360, (best 0.8569)
Epoch 75, loss: 1.0997, val mf1: 0.8007, (best 0.8569)
Epoch 76, loss: 1.0691, val mf1: 0.6325, (best 0.8569)
Epoch 77, loss: 1.7420, val mf1: 0.4888, (best 0.8569)
Epoch 78, loss: 1.1562, val mf1: 0.6017, (best 0.8569)
Epoch 79, loss: 0.9924, val mf1: 0.7244, (best 0.8569)
Epoch 80, loss: 1.1029, val mf1: 0.7951, (best 0.8569)
Epoch 81, loss: 1.0586, val mf1: 0.8135, (best 0.8569)
Epoch 82, loss: 0.7901, val mf1: 0.7873, (best 0.8569)
Epoch 83, loss: 1.7782, val mf1: 0.5684, (best 0.8569)
Epoch 84, loss: 1.2733, val mf1: 0.8287, (best 0.8569)
Epoch 85, loss: 1.8928, val mf1: 0.8351, (best 0.8569)
Epoch 86, loss: 2.1430, val mf1: 0.8324, (best 0.8569)
Epoch 87, loss: 2.0559, val mf1: 0.8276, (best 0.8569)
Epoch 88, loss: 1.6884, val mf1: 0.8141, (best 0.8569)
Epoch 89, loss: 1.2182, val mf1: 0.7273, (best 0.8569)
Epoch 90, loss: 1.1871, val mf1: 0.5699, (best 0.8569)
Epoch 91, loss: 1.9636, val mf1: 0.4389, (best 0.8569)
Epoch 92, loss: 0.7459, val mf1: 0.6953, (best 0.8569)
Epoch 93, loss: 0.9803, val mf1: 0.8309, (best 0.8569)
Epoch 94, loss: 1.2035, val mf1: 0.8473, (best 0.8569)
Epoch 95, loss: 1.1241, val mf1: 0.8378, (best 0.8569)
Epoch 96, loss: 0.8420, val mf1: 0.6976, (best 0.8569)
Epoch 97, loss: 1.3965, val mf1: 0.5710, (best 0.8569)
Epoch 98, loss: 0.8289, val mf1: 0.7667, (best 0.8569)
Epoch 99, loss: 0.9974, val mf1: 0.8377, (best 0.8569)
time cost:  30.350199222564697 s
Test: REC 60.55 PRE 86.25 MF1 84.99 AUC 91.59
GCNModel
train/dev/test samples:  15742 7792 15823
Train function: val_mask tensor([False, False, False,  ..., False, False, False], device='cuda:0')
cross entropy weight:  20.83356449375867
Epoch 0, loss: 24.7966, val mf1: 0.5698, (best 0.5698)
Epoch 1, loss: 662.7748, val mf1: 0.0438, (best 0.5698)
Epoch 2, loss: 116.2719, val mf1: 0.2505, (best 0.5698)
Epoch 3, loss: 30.9900, val mf1: 0.8101, (best 0.8101)
Epoch 4, loss: 71.2848, val mf1: 0.4995, (best 0.8101)
Epoch 5, loss: 91.3561, val mf1: 0.4883, (best 0.8101)
Epoch 6, loss: 97.9494, val mf1: 0.4911, (best 0.8101)
Epoch 7, loss: 96.6238, val mf1: 0.5103, (best 0.8101)
Epoch 8, loss: 88.9535, val mf1: 0.8308, (best 0.8308)
Epoch 9, loss: 85.0083, val mf1: 0.8280, (best 0.8308)
Epoch 10, loss: 81.1996, val mf1: 0.7667, (best 0.8308)
Epoch 11, loss: 77.8131, val mf1: 0.7232, (best 0.8308)
Epoch 12, loss: 74.6255, val mf1: 0.6751, (best 0.8308)
Epoch 13, loss: 71.3101, val mf1: 0.6447, (best 0.8308)
Epoch 14, loss: 67.6265, val mf1: 0.6177, (best 0.8308)
Epoch 15, loss: 63.3455, val mf1: 0.5981, (best 0.8308)
Epoch 16, loss: 58.4456, val mf1: 0.5873, (best 0.8308)
Epoch 17, loss: 52.9999, val mf1: 0.5827, (best 0.8308)
Epoch 18, loss: 47.1110, val mf1: 0.5788, (best 0.8308)
Epoch 19, loss: 40.9406, val mf1: 0.5788, (best 0.8308)
Epoch 20, loss: 34.5427, val mf1: 0.5824, (best 0.8308)
Epoch 21, loss: 28.1463, val mf1: 0.5911, (best 0.8308)
Epoch 22, loss: 21.8291, val mf1: 0.6064, (best 0.8308)
Epoch 23, loss: 15.7909, val mf1: 0.6285, (best 0.8308)
Epoch 24, loss: 10.2214, val mf1: 0.6566, (best 0.8308)
Epoch 25, loss: 6.3306, val mf1: 0.5763, (best 0.8308)
Epoch 26, loss: 19.4101, val mf1: 0.4684, (best 0.8308)
Epoch 27, loss: 13.8005, val mf1: 0.4855, (best 0.8308)
Epoch 28, loss: 8.7371, val mf1: 0.6083, (best 0.8308)
Epoch 29, loss: 10.2468, val mf1: 0.6714, (best 0.8308)
Epoch 30, loss: 9.1039, val mf1: 0.8052, (best 0.8308)
Epoch 31, loss: 7.6614, val mf1: 0.8509, (best 0.8509)
Epoch 32, loss: 6.3336, val mf1: 0.8136, (best 0.8509)
Epoch 33, loss: 5.9659, val mf1: 0.6484, (best 0.8509)
Epoch 34, loss: 7.4517, val mf1: 0.5048, (best 0.8509)
Epoch 35, loss: 8.2062, val mf1: 0.4629, (best 0.8509)
Epoch 36, loss: 6.9345, val mf1: 0.5114, (best 0.8509)
Epoch 37, loss: 5.4362, val mf1: 0.6360, (best 0.8509)
Epoch 38, loss: 4.9856, val mf1: 0.7229, (best 0.8509)
Epoch 39, loss: 4.7750, val mf1: 0.7781, (best 0.8509)
Epoch 40, loss: 4.5013, val mf1: 0.8137, (best 0.8509)
Epoch 41, loss: 3.9700, val mf1: 0.8279, (best 0.8509)
Epoch 42, loss: 3.1318, val mf1: 0.8233, (best 0.8509)
Epoch 43, loss: 2.6692, val mf1: 0.6581, (best 0.8509)
Epoch 44, loss: 3.7339, val mf1: 0.5536, (best 0.8509)
Epoch 45, loss: 2.2860, val mf1: 0.6679, (best 0.8509)
Epoch 46, loss: 2.3743, val mf1: 0.7979, (best 0.8509)
Epoch 47, loss: 2.6025, val mf1: 0.8212, (best 0.8509)
Epoch 48, loss: 2.5243, val mf1: 0.8155, (best 0.8509)
Epoch 49, loss: 2.1850, val mf1: 0.7925, (best 0.8509)
Epoch 50, loss: 1.7585, val mf1: 0.7222, (best 0.8509)
Epoch 51, loss: 1.7323, val mf1: 0.6028, (best 0.8509)
Epoch 52, loss: 1.5713, val mf1: 0.6144, (best 0.8509)
Epoch 53, loss: 1.4841, val mf1: 0.6456, (best 0.8509)
Epoch 54, loss: 1.4063, val mf1: 0.7173, (best 0.8509)
Epoch 55, loss: 1.3483, val mf1: 0.7916, (best 0.8509)
Epoch 56, loss: 1.1795, val mf1: 0.7835, (best 0.8509)
Epoch 57, loss: 1.0816, val mf1: 0.6509, (best 0.8509)
Epoch 58, loss: 1.3430, val mf1: 0.5631, (best 0.8509)
Epoch 59, loss: 1.1915, val mf1: 0.8137, (best 0.8509)
Epoch 60, loss: 1.4399, val mf1: 0.8449, (best 0.8509)
Epoch 61, loss: 1.3400, val mf1: 0.8199, (best 0.8509)
Epoch 62, loss: 1.1815, val mf1: 0.7259, (best 0.8509)
Epoch 63, loss: 1.2786, val mf1: 0.6088, (best 0.8509)
Epoch 64, loss: 0.8581, val mf1: 0.7084, (best 0.8509)
Epoch 65, loss: 0.7920, val mf1: 0.6814, (best 0.8509)
Epoch 66, loss: 1.0432, val mf1: 0.6360, (best 0.8509)
Epoch 67, loss: 0.9859, val mf1: 0.6733, (best 0.8509)
Epoch 68, loss: 0.8770, val mf1: 0.7668, (best 0.8509)
Epoch 69, loss: 0.7160, val mf1: 0.7479, (best 0.8509)
Epoch 70, loss: 0.8302, val mf1: 0.6473, (best 0.8509)
Epoch 71, loss: 0.8101, val mf1: 0.6563, (best 0.8509)
Epoch 72, loss: 0.7556, val mf1: 0.7063, (best 0.8509)
Epoch 73, loss: 0.7410, val mf1: 0.7573, (best 0.8509)
Epoch 74, loss: 0.7020, val mf1: 0.7249, (best 0.8509)
Epoch 75, loss: 0.7550, val mf1: 0.6469, (best 0.8509)
Epoch 76, loss: 0.6942, val mf1: 0.6589, (best 0.8509)
Epoch 77, loss: 0.6109, val mf1: 0.7344, (best 0.8509)
Epoch 78, loss: 0.6405, val mf1: 0.7365, (best 0.8509)
Epoch 79, loss: 0.6726, val mf1: 0.7070, (best 0.8509)
Epoch 80, loss: 0.6220, val mf1: 0.7691, (best 0.8509)
Epoch 81, loss: 0.5925, val mf1: 0.7645, (best 0.8509)
Epoch 82, loss: 0.5965, val mf1: 0.7207, (best 0.8509)
Epoch 83, loss: 0.5660, val mf1: 0.7399, (best 0.8509)
Epoch 84, loss: 0.5332, val mf1: 0.7590, (best 0.8509)
Epoch 85, loss: 0.5508, val mf1: 0.7317, (best 0.8509)
Epoch 86, loss: 0.5455, val mf1: 0.7230, (best 0.8509)
Epoch 87, loss: 0.5066, val mf1: 0.7469, (best 0.8509)
Epoch 88, loss: 0.5011, val mf1: 0.7444, (best 0.8509)
Epoch 89, loss: 0.4850, val mf1: 0.7602, (best 0.8509)
Epoch 90, loss: 0.4653, val mf1: 0.7790, (best 0.8509)
Epoch 91, loss: 0.4841, val mf1: 0.7587, (best 0.8509)
Epoch 92, loss: 0.4678, val mf1: 0.8112, (best 0.8509)
Epoch 93, loss: 0.4622, val mf1: 0.7397, (best 0.8509)
Epoch 94, loss: 0.5229, val mf1: 0.8392, (best 0.8509)
Epoch 95, loss: 0.4888, val mf1: 0.7842, (best 0.8509)
Epoch 96, loss: 0.5110, val mf1: 0.6962, (best 0.8509)
Epoch 97, loss: 0.4878, val mf1: 0.8291, (best 0.8509)
Epoch 98, loss: 0.4944, val mf1: 0.7968, (best 0.8509)
Epoch 99, loss: 0.6666, val mf1: 0.6398, (best 0.8509)
time cost:  26.110531091690063 s
Test: REC 57.79 PRE 88.77 MF1 84.41 AUC 91.69
GCNModel
train/dev/test samples:  15742 7792 15823
Train function: val_mask tensor([False, False, False,  ..., False, False, False], device='cuda:0')
cross entropy weight:  20.83356449375867
Epoch 0, loss: 152.3735, val mf1: 0.0444, (best 0.0444)
Epoch 1, loss: 82.4134, val mf1: 0.4883, (best 0.4883)
Epoch 2, loss: 119.9359, val mf1: 0.4883, (best 0.4883)
Epoch 3, loss: 132.9747, val mf1: 0.4883, (best 0.4883)
Epoch 4, loss: 133.0961, val mf1: 0.4883, (best 0.4883)
Epoch 5, loss: 125.4117, val mf1: 0.5130, (best 0.5130)
Epoch 6, loss: 114.9417, val mf1: 0.8483, (best 0.8483)
Epoch 7, loss: 109.0646, val mf1: 0.8111, (best 0.8483)
Epoch 8, loss: 102.8589, val mf1: 0.7503, (best 0.8483)
Epoch 9, loss: 96.2855, val mf1: 0.7090, (best 0.8483)
Epoch 10, loss: 89.7246, val mf1: 0.6561, (best 0.8483)
Epoch 11, loss: 83.4129, val mf1: 0.6269, (best 0.8483)
Epoch 12, loss: 77.2813, val mf1: 0.5927, (best 0.8483)
Epoch 13, loss: 71.0423, val mf1: 0.5727, (best 0.8483)
Epoch 14, loss: 64.4215, val mf1: 0.5590, (best 0.8483)
Epoch 15, loss: 57.3697, val mf1: 0.5462, (best 0.8483)
Epoch 16, loss: 49.8932, val mf1: 0.5369, (best 0.8483)
Epoch 17, loss: 42.0904, val mf1: 0.5297, (best 0.8483)
Epoch 18, loss: 34.1740, val mf1: 0.5216, (best 0.8483)
Epoch 19, loss: 26.7423, val mf1: 0.5052, (best 0.8483)
Epoch 20, loss: 20.6513, val mf1: 0.4827, (best 0.8483)
Epoch 21, loss: 17.8769, val mf1: 0.4565, (best 0.8483)
Epoch 22, loss: 18.4201, val mf1: 0.4541, (best 0.8483)
Epoch 23, loss: 11.2177, val mf1: 0.5482, (best 0.8483)
Epoch 24, loss: 8.9200, val mf1: 0.7092, (best 0.8483)
Epoch 25, loss: 11.4038, val mf1: 0.8539, (best 0.8539)
Epoch 26, loss: 13.2423, val mf1: 0.8418, (best 0.8539)
Epoch 27, loss: 14.2185, val mf1: 0.7946, (best 0.8539)
Epoch 28, loss: 13.5149, val mf1: 0.7732, (best 0.8539)
Epoch 29, loss: 11.2228, val mf1: 0.8067, (best 0.8539)
Epoch 30, loss: 8.2728, val mf1: 0.7327, (best 0.8539)
Epoch 31, loss: 9.7399, val mf1: 0.6133, (best 0.8539)
Epoch 32, loss: 8.3484, val mf1: 0.6142, (best 0.8539)
Epoch 33, loss: 5.2471, val mf1: 0.7259, (best 0.8539)
Epoch 34, loss: 5.3125, val mf1: 0.8185, (best 0.8539)
Epoch 35, loss: 5.0594, val mf1: 0.7951, (best 0.8539)
Epoch 36, loss: 4.3025, val mf1: 0.7564, (best 0.8539)
Epoch 37, loss: 3.2490, val mf1: 0.7146, (best 0.8539)
Epoch 38, loss: 3.1663, val mf1: 0.5357, (best 0.8539)
Epoch 39, loss: 5.5451, val mf1: 0.3308, (best 0.8539)
Epoch 40, loss: 3.1098, val mf1: 0.5378, (best 0.8539)
Epoch 41, loss: 3.0498, val mf1: 0.6895, (best 0.8539)
Epoch 42, loss: 3.5487, val mf1: 0.7347, (best 0.8539)
Epoch 43, loss: 3.6472, val mf1: 0.7573, (best 0.8539)
Epoch 44, loss: 3.2655, val mf1: 0.7694, (best 0.8539)
Epoch 45, loss: 2.4159, val mf1: 0.7749, (best 0.8539)
Epoch 46, loss: 1.5204, val mf1: 0.6524, (best 0.8539)
Epoch 47, loss: 3.7936, val mf1: 0.5100, (best 0.8539)
Epoch 48, loss: 1.6148, val mf1: 0.7687, (best 0.8539)
Epoch 49, loss: 2.4349, val mf1: 0.8100, (best 0.8539)
Epoch 50, loss: 2.6859, val mf1: 0.8165, (best 0.8539)
Epoch 51, loss: 2.3683, val mf1: 0.8155, (best 0.8539)
Epoch 52, loss: 1.5657, val mf1: 0.7920, (best 0.8539)
Epoch 53, loss: 2.8093, val mf1: 0.5450, (best 0.8539)
Epoch 54, loss: 1.3701, val mf1: 0.7719, (best 0.8539)
Epoch 55, loss: 1.8231, val mf1: 0.7945, (best 0.8539)
Epoch 56, loss: 1.7787, val mf1: 0.7856, (best 0.8539)
Epoch 57, loss: 1.2936, val mf1: 0.7682, (best 0.8539)
Epoch 58, loss: 1.5066, val mf1: 0.5552, (best 0.8539)
Epoch 59, loss: 1.0524, val mf1: 0.6827, (best 0.8539)
Epoch 60, loss: 1.2412, val mf1: 0.7450, (best 0.8539)
Epoch 61, loss: 1.2001, val mf1: 0.7424, (best 0.8539)
Epoch 62, loss: 1.0282, val mf1: 0.6719, (best 0.8539)
Epoch 63, loss: 1.1871, val mf1: 0.6067, (best 0.8539)
Epoch 64, loss: 0.9751, val mf1: 0.6927, (best 0.8539)
Epoch 65, loss: 1.0800, val mf1: 0.7636, (best 0.8539)
Epoch 66, loss: 0.9748, val mf1: 0.7525, (best 0.8539)
Epoch 67, loss: 0.9559, val mf1: 0.6510, (best 0.8539)
Epoch 68, loss: 0.9038, val mf1: 0.6565, (best 0.8539)
Epoch 69, loss: 0.8901, val mf1: 0.7765, (best 0.8539)
Epoch 70, loss: 0.8648, val mf1: 0.7718, (best 0.8539)
Epoch 71, loss: 0.8843, val mf1: 0.6274, (best 0.8539)
Epoch 72, loss: 0.7783, val mf1: 0.7585, (best 0.8539)
Epoch 73, loss: 0.7528, val mf1: 0.7701, (best 0.8539)
Epoch 74, loss: 0.8881, val mf1: 0.6260, (best 0.8539)
Epoch 75, loss: 1.2231, val mf1: 0.8175, (best 0.8539)
Epoch 76, loss: 1.4626, val mf1: 0.8211, (best 0.8539)
Epoch 77, loss: 1.1458, val mf1: 0.8102, (best 0.8539)
Epoch 78, loss: 0.7634, val mf1: 0.6535, (best 0.8539)
Epoch 79, loss: 0.6964, val mf1: 0.6819, (best 0.8539)
Epoch 80, loss: 0.8991, val mf1: 0.7604, (best 0.8539)
Epoch 81, loss: 0.9255, val mf1: 0.7582, (best 0.8539)
Epoch 82, loss: 0.7253, val mf1: 0.7171, (best 0.8539)
Epoch 83, loss: 1.6506, val mf1: 0.5103, (best 0.8539)
Epoch 84, loss: 2.4080, val mf1: 0.8348, (best 0.8539)
Epoch 85, loss: 4.1163, val mf1: 0.8549, (best 0.8549)
Epoch 86, loss: 5.0508, val mf1: 0.8569, (best 0.8569)
Epoch 87, loss: 5.2199, val mf1: 0.8569, (best 0.8569)
Epoch 88, loss: 4.7121, val mf1: 0.8570, (best 0.8570)
Epoch 89, loss: 3.6315, val mf1: 0.8375, (best 0.8570)
Epoch 90, loss: 2.1616, val mf1: 0.7913, (best 0.8570)
Epoch 91, loss: 1.1727, val mf1: 0.5644, (best 0.8570)
Epoch 92, loss: 7.4968, val mf1: 0.2601, (best 0.8570)
Epoch 93, loss: 2.2081, val mf1: 0.7553, (best 0.8570)
Epoch 94, loss: 4.5573, val mf1: 0.8326, (best 0.8570)
Epoch 95, loss: 6.2786, val mf1: 0.8513, (best 0.8570)
Epoch 96, loss: 7.2669, val mf1: 0.8568, (best 0.8570)
Epoch 97, loss: 7.5615, val mf1: 0.8559, (best 0.8570)
Epoch 98, loss: 7.2497, val mf1: 0.8487, (best 0.8570)
Epoch 99, loss: 6.4217, val mf1: 0.8324, (best 0.8570)
time cost:  25.117440462112427 s
Test: REC 61.10 PRE 85.36 MF1 85.02 AUC 91.38
MF1-mean: 84.81, MF1-std: 0.28, AUC-mean: 91.56, AUC-std: 0.13
